[debug] [2018-01-27T20:45:04.801Z] ----------------------------------------------------------------------
[debug] [2018-01-27T20:45:04.817Z] Command:       C:\Program Files\nodejs\node.exe C:\Users\VinSL Dutam\AppData\Roaming\npm\node_modules\firebase-tools\bin\firebase init
[debug] [2018-01-27T20:45:04.817Z] CLI Version:   3.17.4
[debug] [2018-01-27T20:45:04.817Z] Platform:      win32
[debug] [2018-01-27T20:45:04.817Z] Node Version:  v8.9.3
[debug] [2018-01-27T20:45:04.817Z] Time:          Sun Jan 28 2018 02:15:04 GMT+0530 (India Standard Time)
[debug] [2018-01-27T20:45:04.817Z] ----------------------------------------------------------------------
[debug] 
[debug] [2018-01-27T20:45:05.036Z] > command requires scopes: ["email","openid","https://www.googleapis.com/auth/cloudplatformprojects.readonly","https://www.googleapis.com/auth/firebase"]
[debug] [2018-01-27T20:45:05.036Z] > authorizing via signed-in user
[info] 
     ######## #### ########  ######## ########     ###     ######  ########
     ##        ##  ##     ## ##       ##     ##  ##   ##  ##       ##
     ######    ##  ########  ######   ########  #########  ######  ######
     ##        ##  ##    ##  ##       ##     ## ##     ##       ## ##
     ##       #### ##     ## ######## ########  ##     ##  ######  ########

You're about to initialize a Firebase project in this directory:

  C:\Users\VinSL Dutam\Desktop\blogapp

Before we get started, keep in mind:

  * You are initializing in an existing Firebase project directory

